01:51:06,485  WARN BasicResourcePool:1841 - com.mchange.v2.resourcepool.BasicResourcePool$AcquireTask@b57e9a -- Acquisition Attempt Failed!!! Clearing pending acquires. While trying to acquire a needed new resource, we failed to succeed more than the maximum number of allowed acquisition attempts (30). Last acquisition attempt exception: 
java.sql.SQLException: Access denied for user 'root'@'localhost' (using password: YES)
	at com.mysql.jdbc.SQLError.createSQLException(SQLError.java:1055)
	at com.mysql.jdbc.SQLError.createSQLException(SQLError.java:956)
	at com.mysql.jdbc.MysqlIO.checkErrorPacket(MysqlIO.java:3491)
	at com.mysql.jdbc.MysqlIO.checkErrorPacket(MysqlIO.java:3423)
	at com.mysql.jdbc.MysqlIO.checkErrorPacket(MysqlIO.java:910)
	at com.mysql.jdbc.MysqlIO.secureAuth411(MysqlIO.java:3923)
	at com.mysql.jdbc.MysqlIO.doHandshake(MysqlIO.java:1273)
	at com.mysql.jdbc.ConnectionImpl.createNewIO(ConnectionImpl.java:2031)
	at com.mysql.jdbc.ConnectionImpl.<init>(ConnectionImpl.java:718)
	at com.mysql.jdbc.JDBC4Connection.<init>(JDBC4Connection.java:46)
	at sun.reflect.GeneratedConstructorAccessor6.newInstance(Unknown Source)
	at sun.reflect.DelegatingConstructorAccessorImpl.newInstance(DelegatingConstructorAccessorImpl.java:27)
	at java.lang.reflect.Constructor.newInstance(Constructor.java:513)
	at com.mysql.jdbc.Util.handleNewInstance(Util.java:406)
	at com.mysql.jdbc.ConnectionImpl.getInstance(ConnectionImpl.java:302)
	at com.mysql.jdbc.NonRegisteringDriver.connect(NonRegisteringDriver.java:282)
	at com.mchange.v2.c3p0.DriverManagerDataSource.getConnection(DriverManagerDataSource.java:135)
	at com.mchange.v2.c3p0.WrapperConnectionPoolDataSource.getPooledConnection(WrapperConnectionPoolDataSource.java:182)
	at com.mchange.v2.c3p0.WrapperConnectionPoolDataSource.getPooledConnection(WrapperConnectionPoolDataSource.java:171)
	at com.mchange.v2.c3p0.impl.C3P0PooledConnectionPool$1PooledConnectionResourcePoolManager.acquireResource(C3P0PooledConnectionPool.java:137)
	at com.mchange.v2.resourcepool.BasicResourcePool.doAcquire(BasicResourcePool.java:1014)
	at com.mchange.v2.resourcepool.BasicResourcePool.access$800(BasicResourcePool.java:32)
	at com.mchange.v2.resourcepool.BasicResourcePool$AcquireTask.run(BasicResourcePool.java:1810)
	at com.mchange.v2.async.ThreadPoolAsynchronousRunner$PoolThread.run(ThreadPoolAsynchronousRunner.java:547)
01:51:06,501  WARN SettingsFactory:147 - Could not obtain connection to query metadata
java.sql.SQLException: Connections could not be acquired from the underlying database!
	at com.mchange.v2.sql.SqlUtils.toSQLException(SqlUtils.java:106)
	at com.mchange.v2.c3p0.impl.C3P0PooledConnectionPool.checkoutPooledConnection(C3P0PooledConnectionPool.java:529)
	at com.mchange.v2.c3p0.impl.AbstractPoolBackedDataSource.getConnection(AbstractPoolBackedDataSource.java:128)
	at org.hibernate.connection.C3P0ConnectionProvider.getConnection(C3P0ConnectionProvider.java:78)
	at org.hibernate.cfg.SettingsFactory.buildSettings(SettingsFactory.java:113)
	at org.hibernate.cfg.Configuration.buildSettingsInternal(Configuration.java:2863)
	at org.hibernate.cfg.Configuration.buildSettings(Configuration.java:2859)
	at org.hibernate.cfg.Configuration.buildSessionFactory(Configuration.java:1870)
	at br.iff.info.javaweb20112.prettyfaces.utility.HibernateUtility.<clinit>(HibernateUtility.java:61)
Caused by: com.mchange.v2.resourcepool.CannotAcquireResourceException: A ResourcePool could not acquire a resource from its primary factory or source.
	at com.mchange.v2.resourcepool.BasicResourcePool.awaitAvailable(BasicResourcePool.java:1319)
	at com.mchange.v2.resourcepool.BasicResourcePool.prelimCheckoutResource(BasicResourcePool.java:557)
	at com.mchange.v2.resourcepool.BasicResourcePool.checkoutResource(BasicResourcePool.java:477)
	at com.mchange.v2.c3p0.impl.C3P0PooledConnectionPool.checkoutPooledConnection(C3P0PooledConnectionPool.java:525)
	... 7 more
01:51:06,516  WARN BasicResourcePool:1841 - com.mchange.v2.resourcepool.BasicResourcePool$AcquireTask@17c2891 -- Acquisition Attempt Failed!!! Clearing pending acquires. While trying to acquire a needed new resource, we failed to succeed more than the maximum number of allowed acquisition attempts (30). Last acquisition attempt exception: 
java.sql.SQLException: Access denied for user 'root'@'localhost' (using password: YES)
	at com.mysql.jdbc.SQLError.createSQLException(SQLError.java:1055)
	at com.mysql.jdbc.SQLError.createSQLException(SQLError.java:956)
	at com.mysql.jdbc.MysqlIO.checkErrorPacket(MysqlIO.java:3491)
	at com.mysql.jdbc.MysqlIO.checkErrorPacket(MysqlIO.java:3423)
	at com.mysql.jdbc.MysqlIO.checkErrorPacket(MysqlIO.java:910)
	at com.mysql.jdbc.MysqlIO.secureAuth411(MysqlIO.java:3923)
	at com.mysql.jdbc.MysqlIO.doHandshake(MysqlIO.java:1273)
	at com.mysql.jdbc.ConnectionImpl.createNewIO(ConnectionImpl.java:2031)
	at com.mysql.jdbc.ConnectionImpl.<init>(ConnectionImpl.java:718)
	at com.mysql.jdbc.JDBC4Connection.<init>(JDBC4Connection.java:46)
	at sun.reflect.GeneratedConstructorAccessor6.newInstance(Unknown Source)
	at sun.reflect.DelegatingConstructorAccessorImpl.newInstance(DelegatingConstructorAccessorImpl.java:27)
	at java.lang.reflect.Constructor.newInstance(Constructor.java:513)
	at com.mysql.jdbc.Util.handleNewInstance(Util.java:406)
	at com.mysql.jdbc.ConnectionImpl.getInstance(ConnectionImpl.java:302)
	at com.mysql.jdbc.NonRegisteringDriver.connect(NonRegisteringDriver.java:282)
	at com.mchange.v2.c3p0.DriverManagerDataSource.getConnection(DriverManagerDataSource.java:135)
	at com.mchange.v2.c3p0.WrapperConnectionPoolDataSource.getPooledConnection(WrapperConnectionPoolDataSource.java:182)
	at com.mchange.v2.c3p0.WrapperConnectionPoolDataSource.getPooledConnection(WrapperConnectionPoolDataSource.java:171)
	at com.mchange.v2.c3p0.impl.C3P0PooledConnectionPool$1PooledConnectionResourcePoolManager.acquireResource(C3P0PooledConnectionPool.java:137)
	at com.mchange.v2.resourcepool.BasicResourcePool.doAcquire(BasicResourcePool.java:1014)
	at com.mchange.v2.resourcepool.BasicResourcePool.access$800(BasicResourcePool.java:32)
	at com.mchange.v2.resourcepool.BasicResourcePool$AcquireTask.run(BasicResourcePool.java:1810)
	at com.mchange.v2.async.ThreadPoolAsynchronousRunner$PoolThread.run(ThreadPoolAsynchronousRunner.java:547)
01:51:06,750  INFO ASTQueryTranslatorFactory:47 - Using ASTQueryTranslatorFactory
01:51:06,782  INFO BasicTypeRegistry:150 - Type registration [materialized_blob] overrides previous : org.hibernate.type.MaterializedBlobType@162522b
01:51:06,782  INFO BasicTypeRegistry:150 - Type registration [materialized_clob] overrides previous : org.hibernate.type.MaterializedClobType@89dd
01:51:06,782  INFO BasicTypeRegistry:150 - Type registration [wrapper_materialized_blob] overrides previous : org.hibernate.type.WrappedMaterializedBlobType@15b1773
01:51:06,782  INFO BasicTypeRegistry:150 - Type registration [blob] overrides previous : org.hibernate.type.BlobType@160bf50
01:51:06,782  INFO BasicTypeRegistry:150 - Type registration [java.sql.Blob] overrides previous : org.hibernate.type.BlobType@160bf50
01:51:06,782  INFO BasicTypeRegistry:150 - Type registration [characters_clob] overrides previous : org.hibernate.type.PrimitiveCharacterArrayClobType@b05236
01:51:06,782  INFO BasicTypeRegistry:150 - Type registration [clob] overrides previous : org.hibernate.type.ClobType@1e55794
01:51:06,782  INFO BasicTypeRegistry:150 - Type registration [java.sql.Clob] overrides previous : org.hibernate.type.ClobType@1e55794
01:51:06,782  INFO BasicTypeRegistry:150 - Type registration [wrapper_characters_clob] overrides previous : org.hibernate.type.CharacterArrayClobType@1d8d237
01:51:06,984  INFO SchemaUpdate:155 - Running hbm2ddl schema update
01:51:06,984  INFO SchemaUpdate:167 - fetching database metadata
01:51:36,405  WARN BasicResourcePool:1841 - com.mchange.v2.resourcepool.BasicResourcePool$AcquireTask@8890da -- Acquisition Attempt Failed!!! Clearing pending acquires. While trying to acquire a needed new resource, we failed to succeed more than the maximum number of allowed acquisition attempts (30). Last acquisition attempt exception: 
java.sql.SQLException: Access denied for user 'root'@'localhost' (using password: YES)
	at com.mysql.jdbc.SQLError.createSQLException(SQLError.java:1055)
	at com.mysql.jdbc.SQLError.createSQLException(SQLError.java:956)
	at com.mysql.jdbc.MysqlIO.checkErrorPacket(MysqlIO.java:3491)
	at com.mysql.jdbc.MysqlIO.checkErrorPacket(MysqlIO.java:3423)
	at com.mysql.jdbc.MysqlIO.checkErrorPacket(MysqlIO.java:910)
	at com.mysql.jdbc.MysqlIO.secureAuth411(MysqlIO.java:3923)
	at com.mysql.jdbc.MysqlIO.doHandshake(MysqlIO.java:1273)
	at com.mysql.jdbc.ConnectionImpl.createNewIO(ConnectionImpl.java:2031)
	at com.mysql.jdbc.ConnectionImpl.<init>(ConnectionImpl.java:718)
	at com.mysql.jdbc.JDBC4Connection.<init>(JDBC4Connection.java:46)
	at sun.reflect.GeneratedConstructorAccessor6.newInstance(Unknown Source)
	at sun.reflect.DelegatingConstructorAccessorImpl.newInstance(DelegatingConstructorAccessorImpl.java:27)
	at java.lang.reflect.Constructor.newInstance(Constructor.java:513)
	at com.mysql.jdbc.Util.handleNewInstance(Util.java:406)
	at com.mysql.jdbc.ConnectionImpl.getInstance(ConnectionImpl.java:302)
	at com.mysql.jdbc.NonRegisteringDriver.connect(NonRegisteringDriver.java:282)
	at com.mchange.v2.c3p0.DriverManagerDataSource.getConnection(DriverManagerDataSource.java:135)
	at com.mchange.v2.c3p0.WrapperConnectionPoolDataSource.getPooledConnection(WrapperConnectionPoolDataSource.java:182)
	at com.mchange.v2.c3p0.WrapperConnectionPoolDataSource.getPooledConnection(WrapperConnectionPoolDataSource.java:171)
	at com.mchange.v2.c3p0.impl.C3P0PooledConnectionPool$1PooledConnectionResourcePoolManager.acquireResource(C3P0PooledConnectionPool.java:137)
	at com.mchange.v2.resourcepool.BasicResourcePool.doAcquire(BasicResourcePool.java:1014)
	at com.mchange.v2.resourcepool.BasicResourcePool.access$800(BasicResourcePool.java:32)
	at com.mchange.v2.resourcepool.BasicResourcePool$AcquireTask.run(BasicResourcePool.java:1810)
	at com.mchange.v2.async.ThreadPoolAsynchronousRunner$PoolThread.run(ThreadPoolAsynchronousRunner.java:547)
01:51:36,405 ERROR SchemaUpdate:175 - could not get database metadata
java.sql.SQLException: Connections could not be acquired from the underlying database!
	at com.mchange.v2.sql.SqlUtils.toSQLException(SqlUtils.java:106)
	at com.mchange.v2.c3p0.impl.C3P0PooledConnectionPool.checkoutPooledConnection(C3P0PooledConnectionPool.java:529)
	at com.mchange.v2.c3p0.impl.AbstractPoolBackedDataSource.getConnection(AbstractPoolBackedDataSource.java:128)
	at org.hibernate.connection.C3P0ConnectionProvider.getConnection(C3P0ConnectionProvider.java:78)
	at org.hibernate.tool.hbm2ddl.SuppliedConnectionProviderConnectionHelper.prepare(SuppliedConnectionProviderConnectionHelper.java:51)
	at org.hibernate.tool.hbm2ddl.SchemaUpdate.execute(SchemaUpdate.java:168)
	at org.hibernate.impl.SessionFactoryImpl.<init>(SessionFactoryImpl.java:375)
	at org.hibernate.cfg.Configuration.buildSessionFactory(Configuration.java:1872)
	at br.iff.info.javaweb20112.prettyfaces.utility.HibernateUtility.<clinit>(HibernateUtility.java:61)
Caused by: com.mchange.v2.resourcepool.CannotAcquireResourceException: A ResourcePool could not acquire a resource from its primary factory or source.
	at com.mchange.v2.resourcepool.BasicResourcePool.awaitAvailable(BasicResourcePool.java:1319)
	at com.mchange.v2.resourcepool.BasicResourcePool.prelimCheckoutResource(BasicResourcePool.java:557)
	at com.mchange.v2.resourcepool.BasicResourcePool.checkoutResource(BasicResourcePool.java:477)
	at com.mchange.v2.c3p0.impl.C3P0PooledConnectionPool.checkoutPooledConnection(C3P0PooledConnectionPool.java:525)
	... 7 more
01:51:36,437 ERROR SchemaUpdate:222 - could not complete schema update
java.sql.SQLException: Connections could not be acquired from the underlying database!
	at com.mchange.v2.sql.SqlUtils.toSQLException(SqlUtils.java:106)
	at com.mchange.v2.c3p0.impl.C3P0PooledConnectionPool.checkoutPooledConnection(C3P0PooledConnectionPool.java:529)
	at com.mchange.v2.c3p0.impl.AbstractPoolBackedDataSource.getConnection(AbstractPoolBackedDataSource.java:128)
	at org.hibernate.connection.C3P0ConnectionProvider.getConnection(C3P0ConnectionProvider.java:78)
	at org.hibernate.tool.hbm2ddl.SuppliedConnectionProviderConnectionHelper.prepare(SuppliedConnectionProviderConnectionHelper.java:51)
	at org.hibernate.tool.hbm2ddl.SchemaUpdate.execute(SchemaUpdate.java:168)
	at org.hibernate.impl.SessionFactoryImpl.<init>(SessionFactoryImpl.java:375)
	at org.hibernate.cfg.Configuration.buildSessionFactory(Configuration.java:1872)
	at br.iff.info.javaweb20112.prettyfaces.utility.HibernateUtility.<clinit>(HibernateUtility.java:61)
Caused by: com.mchange.v2.resourcepool.CannotAcquireResourceException: A ResourcePool could not acquire a resource from its primary factory or source.
	at com.mchange.v2.resourcepool.BasicResourcePool.awaitAvailable(BasicResourcePool.java:1319)
	at com.mchange.v2.resourcepool.BasicResourcePool.prelimCheckoutResource(BasicResourcePool.java:557)
	at com.mchange.v2.resourcepool.BasicResourcePool.checkoutResource(BasicResourcePool.java:477)
	at com.mchange.v2.c3p0.impl.C3P0PooledConnectionPool.checkoutPooledConnection(C3P0PooledConnectionPool.java:525)
	... 7 more
01:52:01,677  INFO ASTQueryTranslatorFactory:47 - Using ASTQueryTranslatorFactory
01:52:01,709  INFO BasicTypeRegistry:150 - Type registration [materialized_blob] overrides previous : org.hibernate.type.MaterializedBlobType@c9630a
01:52:01,709  INFO BasicTypeRegistry:150 - Type registration [clob] overrides previous : org.hibernate.type.ClobType@185572a
01:52:01,709  INFO BasicTypeRegistry:150 - Type registration [java.sql.Clob] overrides previous : org.hibernate.type.ClobType@185572a
01:52:01,709  INFO BasicTypeRegistry:150 - Type registration [characters_clob] overrides previous : org.hibernate.type.PrimitiveCharacterArrayClobType@11daa0e
01:52:01,709  INFO BasicTypeRegistry:150 - Type registration [wrapper_materialized_blob] overrides previous : org.hibernate.type.WrappedMaterializedBlobType@879860
01:52:01,709  INFO BasicTypeRegistry:150 - Type registration [materialized_clob] overrides previous : org.hibernate.type.MaterializedClobType@24de7d
01:52:01,709  INFO BasicTypeRegistry:150 - Type registration [wrapper_characters_clob] overrides previous : org.hibernate.type.CharacterArrayClobType@8b058b
01:52:01,709  INFO BasicTypeRegistry:150 - Type registration [blob] overrides previous : org.hibernate.type.BlobType@1192059
01:52:01,709  INFO BasicTypeRegistry:150 - Type registration [java.sql.Blob] overrides previous : org.hibernate.type.BlobType@1192059
01:52:01,880  INFO SchemaUpdate:155 - Running hbm2ddl schema update
01:52:01,880  INFO SchemaUpdate:167 - fetching database metadata
01:52:01,896  INFO SchemaUpdate:179 - updating schema
01:52:01,911  INFO DatabaseMetadata:119 - table not found: Cliente
01:52:01,911  INFO DatabaseMetadata:119 - table not found: Cliente
01:52:01,911 DEBUG SchemaUpdate:203 - create table Cliente (idCliente bigint not null auto_increment, CNPJ varchar(14), CPF varchar(12), ENDERECO varchar(80), ESTADO varchar(80), MUNICIPIO varchar(80), NOME varchar(80), NUMERO varchar(20), TELEFONE varchar(20), primary key (idCliente)) type=InnoDB
01:52:01,927 ERROR SchemaUpdate:212 - Unsuccessful: create table Cliente (idCliente bigint not null auto_increment, CNPJ varchar(14), CPF varchar(12), ENDERECO varchar(80), ESTADO varchar(80), MUNICIPIO varchar(80), NOME varchar(80), NUMERO varchar(20), TELEFONE varchar(20), primary key (idCliente)) type=InnoDB
01:52:01,927 ERROR SchemaUpdate:213 - You have an error in your SQL syntax; check the manual that corresponds to your MySQL server version for the right syntax to use near 'type=InnoDB' at line 12
01:52:01,927  INFO SchemaUpdate:217 - schema update complete
01:54:36,314  INFO ASTQueryTranslatorFactory:47 - Using ASTQueryTranslatorFactory
01:54:36,347  INFO BasicTypeRegistry:150 - Type registration [clob] overrides previous : org.hibernate.type.ClobType@135b1f3
01:54:36,347  INFO BasicTypeRegistry:150 - Type registration [java.sql.Clob] overrides previous : org.hibernate.type.ClobType@135b1f3
01:54:36,347  INFO BasicTypeRegistry:150 - Type registration [wrapper_characters_clob] overrides previous : org.hibernate.type.CharacterArrayClobType@35e6e3
01:54:36,347  INFO BasicTypeRegistry:150 - Type registration [blob] overrides previous : org.hibernate.type.BlobType@c9630a
01:54:36,348  INFO BasicTypeRegistry:150 - Type registration [java.sql.Blob] overrides previous : org.hibernate.type.BlobType@c9630a
01:54:36,348  INFO BasicTypeRegistry:150 - Type registration [materialized_clob] overrides previous : org.hibernate.type.MaterializedClobType@185572a
01:54:36,348  INFO BasicTypeRegistry:150 - Type registration [materialized_blob] overrides previous : org.hibernate.type.MaterializedBlobType@11daa0e
01:54:36,349  INFO BasicTypeRegistry:150 - Type registration [characters_clob] overrides previous : org.hibernate.type.PrimitiveCharacterArrayClobType@879860
01:54:36,349  INFO BasicTypeRegistry:150 - Type registration [wrapper_materialized_blob] overrides previous : org.hibernate.type.WrappedMaterializedBlobType@24de7d
01:54:36,521  INFO SchemaUpdate:155 - Running hbm2ddl schema update
01:54:36,522  INFO SchemaUpdate:167 - fetching database metadata
01:54:36,528  INFO SchemaUpdate:179 - updating schema
01:54:36,542  INFO DatabaseMetadata:119 - table not found: Cliente
01:54:36,544  INFO DatabaseMetadata:119 - table not found: Cliente
01:54:36,545 DEBUG SchemaUpdate:203 - create table Cliente (idCliente bigint not null auto_increment, CNPJ varchar(14), CPF varchar(12), ENDERECO varchar(80), ESTADO varchar(80), MUNICIPIO varchar(80), NOME varchar(80), NUMERO varchar(20), TELEFONE varchar(20), primary key (idCliente)) type=InnoDB
01:54:36,557 ERROR SchemaUpdate:212 - Unsuccessful: create table Cliente (idCliente bigint not null auto_increment, CNPJ varchar(14), CPF varchar(12), ENDERECO varchar(80), ESTADO varchar(80), MUNICIPIO varchar(80), NOME varchar(80), NUMERO varchar(20), TELEFONE varchar(20), primary key (idCliente)) type=InnoDB
01:54:36,558 ERROR SchemaUpdate:213 - You have an error in your SQL syntax; check the manual that corresponds to your MySQL server version for the right syntax to use near 'type=InnoDB' at line 12
01:54:36,558  INFO SchemaUpdate:217 - schema update complete
01:55:51,226  INFO ASTQueryTranslatorFactory:47 - Using ASTQueryTranslatorFactory
01:55:51,266  INFO BasicTypeRegistry:150 - Type registration [blob] overrides previous : org.hibernate.type.BlobType@1fcd402
01:55:51,267  INFO BasicTypeRegistry:150 - Type registration [java.sql.Blob] overrides previous : org.hibernate.type.BlobType@1fcd402
01:55:51,267  INFO BasicTypeRegistry:150 - Type registration [materialized_blob] overrides previous : org.hibernate.type.MaterializedBlobType@1c2ec05
01:55:51,267  INFO BasicTypeRegistry:150 - Type registration [wrapper_materialized_blob] overrides previous : org.hibernate.type.WrappedMaterializedBlobType@1558dc
01:55:51,267  INFO BasicTypeRegistry:150 - Type registration [characters_clob] overrides previous : org.hibernate.type.PrimitiveCharacterArrayClobType@17d03c5
01:55:51,268  INFO BasicTypeRegistry:150 - Type registration [materialized_clob] overrides previous : org.hibernate.type.MaterializedClobType@82a13a
01:55:51,268  INFO BasicTypeRegistry:150 - Type registration [clob] overrides previous : org.hibernate.type.ClobType@2726b2
01:55:51,268  INFO BasicTypeRegistry:150 - Type registration [java.sql.Clob] overrides previous : org.hibernate.type.ClobType@2726b2
01:55:51,271  INFO BasicTypeRegistry:150 - Type registration [wrapper_characters_clob] overrides previous : org.hibernate.type.CharacterArrayClobType@5da37c
01:55:51,475  INFO SchemaUpdate:155 - Running hbm2ddl schema update
01:55:51,476  INFO SchemaUpdate:167 - fetching database metadata
01:55:51,481  INFO SchemaUpdate:179 - updating schema
01:55:51,496  INFO DatabaseMetadata:119 - table not found: Cliente
01:55:51,498  INFO DatabaseMetadata:119 - table not found: Cliente
01:55:51,499 DEBUG SchemaUpdate:203 - create table Cliente (idCliente bigint not null auto_increment, CNPJ varchar(14), CPF varchar(12), ENDERECO varchar(80), ESTADO varchar(80), MUNICIPIO varchar(80), NOME varchar(80), NUMERO varchar(20), TELEFONE varchar(20), primary key (idCliente)) type=InnoDB
01:55:51,513 ERROR SchemaUpdate:212 - Unsuccessful: create table Cliente (idCliente bigint not null auto_increment, CNPJ varchar(14), CPF varchar(12), ENDERECO varchar(80), ESTADO varchar(80), MUNICIPIO varchar(80), NOME varchar(80), NUMERO varchar(20), TELEFONE varchar(20), primary key (idCliente)) type=InnoDB
01:55:51,513 ERROR SchemaUpdate:213 - You have an error in your SQL syntax; check the manual that corresponds to your MySQL server version for the right syntax to use near 'type=InnoDB' at line 12
01:55:51,513  INFO SchemaUpdate:217 - schema update complete
01:58:02,433  INFO ASTQueryTranslatorFactory:47 - Using ASTQueryTranslatorFactory
01:58:02,473  INFO BasicTypeRegistry:150 - Type registration [characters_clob] overrides previous : org.hibernate.type.PrimitiveCharacterArrayClobType@1c66ec7
01:58:02,473  INFO BasicTypeRegistry:150 - Type registration [materialized_clob] overrides previous : org.hibernate.type.MaterializedClobType@92eb86
01:58:02,474  INFO BasicTypeRegistry:150 - Type registration [materialized_blob] overrides previous : org.hibernate.type.MaterializedBlobType@1a4ea4f
01:58:02,474  INFO BasicTypeRegistry:150 - Type registration [clob] overrides previous : org.hibernate.type.ClobType@12f195
01:58:02,474  INFO BasicTypeRegistry:150 - Type registration [java.sql.Clob] overrides previous : org.hibernate.type.ClobType@12f195
01:58:02,475  INFO BasicTypeRegistry:150 - Type registration [wrapper_materialized_blob] overrides previous : org.hibernate.type.WrappedMaterializedBlobType@1b29f80
01:58:02,476  INFO BasicTypeRegistry:150 - Type registration [wrapper_characters_clob] overrides previous : org.hibernate.type.CharacterArrayClobType@5b24c
01:58:02,476  INFO BasicTypeRegistry:150 - Type registration [blob] overrides previous : org.hibernate.type.BlobType@1fcd402
01:58:02,476  INFO BasicTypeRegistry:150 - Type registration [java.sql.Blob] overrides previous : org.hibernate.type.BlobType@1fcd402
01:58:02,682  INFO SchemaUpdate:155 - Running hbm2ddl schema update
01:58:02,682  INFO SchemaUpdate:167 - fetching database metadata
01:58:02,687  INFO SchemaUpdate:179 - updating schema
01:58:02,703  INFO DatabaseMetadata:119 - table not found: Cliente
01:58:02,705  INFO DatabaseMetadata:119 - table not found: Cliente
01:58:02,706 DEBUG SchemaUpdate:203 - create table Cliente (idCliente bigint not null auto_increment, CNPJ varchar(14), CPF varchar(12), ENDERECO varchar(80), ESTADO varchar(80), MUNICIPIO varchar(80), NOME varchar(80), NUMERO varchar(20), TELEFONE varchar(20), primary key (idCliente)) type=InnoDB
01:58:02,721 ERROR SchemaUpdate:212 - Unsuccessful: create table Cliente (idCliente bigint not null auto_increment, CNPJ varchar(14), CPF varchar(12), ENDERECO varchar(80), ESTADO varchar(80), MUNICIPIO varchar(80), NOME varchar(80), NUMERO varchar(20), TELEFONE varchar(20), primary key (idCliente)) type=InnoDB
01:58:02,721 ERROR SchemaUpdate:213 - You have an error in your SQL syntax; check the manual that corresponds to your MySQL server version for the right syntax to use near 'type=InnoDB' at line 12
01:58:02,722  INFO SchemaUpdate:217 - schema update complete
02:04:41,483  INFO ASTQueryTranslatorFactory:47 - Using ASTQueryTranslatorFactory
02:04:41,515  INFO BasicTypeRegistry:150 - Type registration [materialized_blob] overrides previous : org.hibernate.type.MaterializedBlobType@1d686c1
02:04:41,686  INFO SchemaUpdate:155 - Running hbm2ddl schema update
02:04:41,686  INFO SchemaUpdate:167 - fetching database metadata
02:04:41,702  INFO SchemaUpdate:179 - updating schema
02:04:41,717  INFO DatabaseMetadata:119 - table not found: Cliente
02:04:41,717  INFO DatabaseMetadata:119 - table not found: Cliente
02:04:41,717 DEBUG SchemaUpdate:203 - create table Cliente (idCliente  bigserial not null, CNPJ varchar(14), CPF varchar(12), ENDERECO varchar(80), ESTADO varchar(80), MUNICIPIO varchar(80), NOME varchar(80), NUMERO varchar(20), TELEFONE varchar(20), primary key (idCliente))
02:04:42,061  INFO SchemaUpdate:217 - schema update complete
12:58:09,110  WARN BasicResourcePool:1841 - com.mchange.v2.resourcepool.BasicResourcePool$AcquireTask@198defc -- Acquisition Attempt Failed!!! Clearing pending acquires. While trying to acquire a needed new resource, we failed to succeed more than the maximum number of allowed acquisition attempts (30). Last acquisition attempt exception: 
org.postgresql.util.PSQLException: FATAL: autentica??o do tipo password falhou para usu?rio "postgres"
	at org.postgresql.core.v3.ConnectionFactoryImpl.doAuthentication(ConnectionFactoryImpl.java:291)
	at org.postgresql.core.v3.ConnectionFactoryImpl.openConnectionImpl(ConnectionFactoryImpl.java:108)
	at org.postgresql.core.ConnectionFactory.openConnection(ConnectionFactory.java:66)
	at org.postgresql.jdbc2.AbstractJdbc2Connection.<init>(AbstractJdbc2Connection.java:125)
	at org.postgresql.jdbc3.AbstractJdbc3Connection.<init>(AbstractJdbc3Connection.java:30)
	at org.postgresql.jdbc3g.AbstractJdbc3gConnection.<init>(AbstractJdbc3gConnection.java:22)
	at org.postgresql.jdbc4.AbstractJdbc4Connection.<init>(AbstractJdbc4Connection.java:30)
	at org.postgresql.jdbc4.Jdbc4Connection.<init>(Jdbc4Connection.java:24)
	at org.postgresql.Driver.makeConnection(Driver.java:393)
	at org.postgresql.Driver.connect(Driver.java:267)
	at com.mchange.v2.c3p0.DriverManagerDataSource.getConnection(DriverManagerDataSource.java:135)
	at com.mchange.v2.c3p0.WrapperConnectionPoolDataSource.getPooledConnection(WrapperConnectionPoolDataSource.java:182)
	at com.mchange.v2.c3p0.WrapperConnectionPoolDataSource.getPooledConnection(WrapperConnectionPoolDataSource.java:171)
	at com.mchange.v2.c3p0.impl.C3P0PooledConnectionPool$1PooledConnectionResourcePoolManager.acquireResource(C3P0PooledConnectionPool.java:137)
	at com.mchange.v2.resourcepool.BasicResourcePool.doAcquire(BasicResourcePool.java:1014)
	at com.mchange.v2.resourcepool.BasicResourcePool.access$800(BasicResourcePool.java:32)
	at com.mchange.v2.resourcepool.BasicResourcePool$AcquireTask.run(BasicResourcePool.java:1810)
	at com.mchange.v2.async.ThreadPoolAsynchronousRunner$PoolThread.run(ThreadPoolAsynchronousRunner.java:547)
12:58:09,110  WARN BasicResourcePool:1841 - com.mchange.v2.resourcepool.BasicResourcePool$AcquireTask@198defc -- Acquisition Attempt Failed!!! Clearing pending acquires. While trying to acquire a needed new resource, we failed to succeed more than the maximum number of allowed acquisition attempts (30). Last acquisition attempt exception: 
org.postgresql.util.PSQLException: FATAL: autentica??o do tipo password falhou para usu?rio "postgres"
	at org.postgresql.core.v3.ConnectionFactoryImpl.doAuthentication(ConnectionFactoryImpl.java:291)
	at org.postgresql.core.v3.ConnectionFactoryImpl.openConnectionImpl(ConnectionFactoryImpl.java:108)
	at org.postgresql.core.ConnectionFactory.openConnection(ConnectionFactory.java:66)
	at org.postgresql.jdbc2.AbstractJdbc2Connection.<init>(AbstractJdbc2Connection.java:125)
	at org.postgresql.jdbc3.AbstractJdbc3Connection.<init>(AbstractJdbc3Connection.java:30)
	at org.postgresql.jdbc3g.AbstractJdbc3gConnection.<init>(AbstractJdbc3gConnection.java:22)
	at org.postgresql.jdbc4.AbstractJdbc4Connection.<init>(AbstractJdbc4Connection.java:30)
	at org.postgresql.jdbc4.Jdbc4Connection.<init>(Jdbc4Connection.java:24)
	at org.postgresql.Driver.makeConnection(Driver.java:393)
	at org.postgresql.Driver.connect(Driver.java:267)
	at com.mchange.v2.c3p0.DriverManagerDataSource.getConnection(DriverManagerDataSource.java:135)
	at com.mchange.v2.c3p0.WrapperConnectionPoolDataSource.getPooledConnection(WrapperConnectionPoolDataSource.java:182)
	at com.mchange.v2.c3p0.WrapperConnectionPoolDataSource.getPooledConnection(WrapperConnectionPoolDataSource.java:171)
	at com.mchange.v2.c3p0.impl.C3P0PooledConnectionPool$1PooledConnectionResourcePoolManager.acquireResource(C3P0PooledConnectionPool.java:137)
	at com.mchange.v2.resourcepool.BasicResourcePool.doAcquire(BasicResourcePool.java:1014)
	at com.mchange.v2.resourcepool.BasicResourcePool.access$800(BasicResourcePool.java:32)
	at com.mchange.v2.resourcepool.BasicResourcePool$AcquireTask.run(BasicResourcePool.java:1810)
	at com.mchange.v2.async.ThreadPoolAsynchronousRunner$PoolThread.run(ThreadPoolAsynchronousRunner.java:547)
12:58:09,118  WARN SettingsFactory:147 - Could not obtain connection to query metadata
java.sql.SQLException: Connections could not be acquired from the underlying database!
	at com.mchange.v2.sql.SqlUtils.toSQLException(SqlUtils.java:106)
	at com.mchange.v2.c3p0.impl.C3P0PooledConnectionPool.checkoutPooledConnection(C3P0PooledConnectionPool.java:529)
	at com.mchange.v2.c3p0.impl.AbstractPoolBackedDataSource.getConnection(AbstractPoolBackedDataSource.java:128)
	at org.hibernate.connection.C3P0ConnectionProvider.getConnection(C3P0ConnectionProvider.java:78)
	at org.hibernate.cfg.SettingsFactory.buildSettings(SettingsFactory.java:113)
	at org.hibernate.cfg.Configuration.buildSettingsInternal(Configuration.java:2863)
	at org.hibernate.cfg.Configuration.buildSettings(Configuration.java:2859)
	at org.hibernate.cfg.Configuration.buildSessionFactory(Configuration.java:1870)
	at br.iff.info.javaweb20112.prettyfaces.utility.HibernateUtility.<clinit>(HibernateUtility.java:61)
Caused by: com.mchange.v2.resourcepool.CannotAcquireResourceException: A ResourcePool could not acquire a resource from its primary factory or source.
	at com.mchange.v2.resourcepool.BasicResourcePool.awaitAvailable(BasicResourcePool.java:1319)
	at com.mchange.v2.resourcepool.BasicResourcePool.prelimCheckoutResource(BasicResourcePool.java:557)
	at com.mchange.v2.resourcepool.BasicResourcePool.checkoutResource(BasicResourcePool.java:477)
	at com.mchange.v2.c3p0.impl.C3P0PooledConnectionPool.checkoutPooledConnection(C3P0PooledConnectionPool.java:525)
	... 7 more
12:58:09,144  INFO ASTQueryTranslatorFactory:47 - Using ASTQueryTranslatorFactory
12:58:09,163  INFO BasicTypeRegistry:150 - Type registration [materialized_blob] overrides previous : org.hibernate.type.MaterializedBlobType@143bf3d
12:58:09,292  INFO SchemaUpdate:155 - Running hbm2ddl schema update
12:58:09,292  INFO SchemaUpdate:167 - fetching database metadata
12:58:24,483  INFO ASTQueryTranslatorFactory:47 - Using ASTQueryTranslatorFactory
12:58:24,503  INFO BasicTypeRegistry:150 - Type registration [materialized_blob] overrides previous : org.hibernate.type.MaterializedBlobType@e7f6eb
12:58:24,625  INFO SchemaUpdate:155 - Running hbm2ddl schema update
12:58:24,625  INFO SchemaUpdate:167 - fetching database metadata
12:58:24,638  INFO SchemaUpdate:179 - updating schema
12:58:24,651  INFO DatabaseMetadata:119 - table not found: Cliente
12:58:24,655  INFO DatabaseMetadata:119 - table not found: Cliente
12:58:24,655 DEBUG SchemaUpdate:203 - create table Cliente (idCliente  bigserial not null, CNPJ varchar(14), CPF varchar(12), ENDERECO varchar(80), ESTADO varchar(80), MUNICIPIO varchar(80), NOME varchar(80), NUMERO varchar(20), TELEFONE varchar(20), primary key (idCliente))
12:58:24,842  INFO SchemaUpdate:217 - schema update complete
12:58:38,360  WARN BasicResourcePool:1841 - com.mchange.v2.resourcepool.BasicResourcePool$AcquireTask@13b5a3a -- Acquisition Attempt Failed!!! Clearing pending acquires. While trying to acquire a needed new resource, we failed to succeed more than the maximum number of allowed acquisition attempts (30). Last acquisition attempt exception: 
org.postgresql.util.PSQLException: FATAL: autentica??o do tipo password falhou para usu?rio "postgres"
	at org.postgresql.core.v3.ConnectionFactoryImpl.doAuthentication(ConnectionFactoryImpl.java:291)
	at org.postgresql.core.v3.ConnectionFactoryImpl.openConnectionImpl(ConnectionFactoryImpl.java:108)
	at org.postgresql.core.ConnectionFactory.openConnection(ConnectionFactory.java:66)
	at org.postgresql.jdbc2.AbstractJdbc2Connection.<init>(AbstractJdbc2Connection.java:125)
	at org.postgresql.jdbc3.AbstractJdbc3Connection.<init>(AbstractJdbc3Connection.java:30)
	at org.postgresql.jdbc3g.AbstractJdbc3gConnection.<init>(AbstractJdbc3gConnection.java:22)
	at org.postgresql.jdbc4.AbstractJdbc4Connection.<init>(AbstractJdbc4Connection.java:30)
	at org.postgresql.jdbc4.Jdbc4Connection.<init>(Jdbc4Connection.java:24)
	at org.postgresql.Driver.makeConnection(Driver.java:393)
	at org.postgresql.Driver.connect(Driver.java:267)
	at com.mchange.v2.c3p0.DriverManagerDataSource.getConnection(DriverManagerDataSource.java:135)
	at com.mchange.v2.c3p0.WrapperConnectionPoolDataSource.getPooledConnection(WrapperConnectionPoolDataSource.java:182)
	at com.mchange.v2.c3p0.WrapperConnectionPoolDataSource.getPooledConnection(WrapperConnectionPoolDataSource.java:171)
	at com.mchange.v2.c3p0.impl.C3P0PooledConnectionPool$1PooledConnectionResourcePoolManager.acquireResource(C3P0PooledConnectionPool.java:137)
	at com.mchange.v2.resourcepool.BasicResourcePool.doAcquire(BasicResourcePool.java:1014)
	at com.mchange.v2.resourcepool.BasicResourcePool.access$800(BasicResourcePool.java:32)
	at com.mchange.v2.resourcepool.BasicResourcePool$AcquireTask.run(BasicResourcePool.java:1810)
	at com.mchange.v2.async.ThreadPoolAsynchronousRunner$PoolThread.run(ThreadPoolAsynchronousRunner.java:547)
12:58:38,361 ERROR SchemaUpdate:175 - could not get database metadata
java.sql.SQLException: Connections could not be acquired from the underlying database!
	at com.mchange.v2.sql.SqlUtils.toSQLException(SqlUtils.java:106)
	at com.mchange.v2.c3p0.impl.C3P0PooledConnectionPool.checkoutPooledConnection(C3P0PooledConnectionPool.java:529)
	at com.mchange.v2.c3p0.impl.AbstractPoolBackedDataSource.getConnection(AbstractPoolBackedDataSource.java:128)
	at org.hibernate.connection.C3P0ConnectionProvider.getConnection(C3P0ConnectionProvider.java:78)
	at org.hibernate.tool.hbm2ddl.SuppliedConnectionProviderConnectionHelper.prepare(SuppliedConnectionProviderConnectionHelper.java:51)
	at org.hibernate.tool.hbm2ddl.SchemaUpdate.execute(SchemaUpdate.java:168)
	at org.hibernate.impl.SessionFactoryImpl.<init>(SessionFactoryImpl.java:375)
	at org.hibernate.cfg.Configuration.buildSessionFactory(Configuration.java:1872)
	at br.iff.info.javaweb20112.prettyfaces.utility.HibernateUtility.<clinit>(HibernateUtility.java:61)
Caused by: com.mchange.v2.resourcepool.CannotAcquireResourceException: A ResourcePool could not acquire a resource from its primary factory or source.
	at com.mchange.v2.resourcepool.BasicResourcePool.awaitAvailable(BasicResourcePool.java:1319)
	at com.mchange.v2.resourcepool.BasicResourcePool.prelimCheckoutResource(BasicResourcePool.java:557)
	at com.mchange.v2.resourcepool.BasicResourcePool.checkoutResource(BasicResourcePool.java:477)
	at com.mchange.v2.c3p0.impl.C3P0PooledConnectionPool.checkoutPooledConnection(C3P0PooledConnectionPool.java:525)
	... 7 more
12:58:38,362 ERROR SchemaUpdate:222 - could not complete schema update
java.sql.SQLException: Connections could not be acquired from the underlying database!
	at com.mchange.v2.sql.SqlUtils.toSQLException(SqlUtils.java:106)
	at com.mchange.v2.c3p0.impl.C3P0PooledConnectionPool.checkoutPooledConnection(C3P0PooledConnectionPool.java:529)
	at com.mchange.v2.c3p0.impl.AbstractPoolBackedDataSource.getConnection(AbstractPoolBackedDataSource.java:128)
	at org.hibernate.connection.C3P0ConnectionProvider.getConnection(C3P0ConnectionProvider.java:78)
	at org.hibernate.tool.hbm2ddl.SuppliedConnectionProviderConnectionHelper.prepare(SuppliedConnectionProviderConnectionHelper.java:51)
	at org.hibernate.tool.hbm2ddl.SchemaUpdate.execute(SchemaUpdate.java:168)
	at org.hibernate.impl.SessionFactoryImpl.<init>(SessionFactoryImpl.java:375)
	at org.hibernate.cfg.Configuration.buildSessionFactory(Configuration.java:1872)
	at br.iff.info.javaweb20112.prettyfaces.utility.HibernateUtility.<clinit>(HibernateUtility.java:61)
Caused by: com.mchange.v2.resourcepool.CannotAcquireResourceException: A ResourcePool could not acquire a resource from its primary factory or source.
	at com.mchange.v2.resourcepool.BasicResourcePool.awaitAvailable(BasicResourcePool.java:1319)
	at com.mchange.v2.resourcepool.BasicResourcePool.prelimCheckoutResource(BasicResourcePool.java:557)
	at com.mchange.v2.resourcepool.BasicResourcePool.checkoutResource(BasicResourcePool.java:477)
	at com.mchange.v2.c3p0.impl.C3P0PooledConnectionPool.checkoutPooledConnection(C3P0PooledConnectionPool.java:525)
	... 7 more
12:58:38,363  WARN BasicResourcePool:1841 - com.mchange.v2.resourcepool.BasicResourcePool$AcquireTask@1dafb4e -- Acquisition Attempt Failed!!! Clearing pending acquires. While trying to acquire a needed new resource, we failed to succeed more than the maximum number of allowed acquisition attempts (30). Last acquisition attempt exception: 
org.postgresql.util.PSQLException: FATAL: autentica??o do tipo password falhou para usu?rio "postgres"
	at org.postgresql.core.v3.ConnectionFactoryImpl.doAuthentication(ConnectionFactoryImpl.java:291)
	at org.postgresql.core.v3.ConnectionFactoryImpl.openConnectionImpl(ConnectionFactoryImpl.java:108)
	at org.postgresql.core.ConnectionFactory.openConnection(ConnectionFactory.java:66)
	at org.postgresql.jdbc2.AbstractJdbc2Connection.<init>(AbstractJdbc2Connection.java:125)
	at org.postgresql.jdbc3.AbstractJdbc3Connection.<init>(AbstractJdbc3Connection.java:30)
	at org.postgresql.jdbc3g.AbstractJdbc3gConnection.<init>(AbstractJdbc3gConnection.java:22)
	at org.postgresql.jdbc4.AbstractJdbc4Connection.<init>(AbstractJdbc4Connection.java:30)
	at org.postgresql.jdbc4.Jdbc4Connection.<init>(Jdbc4Connection.java:24)
	at org.postgresql.Driver.makeConnection(Driver.java:393)
	at org.postgresql.Driver.connect(Driver.java:267)
	at com.mchange.v2.c3p0.DriverManagerDataSource.getConnection(DriverManagerDataSource.java:135)
	at com.mchange.v2.c3p0.WrapperConnectionPoolDataSource.getPooledConnection(WrapperConnectionPoolDataSource.java:182)
	at com.mchange.v2.c3p0.WrapperConnectionPoolDataSource.getPooledConnection(WrapperConnectionPoolDataSource.java:171)
	at com.mchange.v2.c3p0.impl.C3P0PooledConnectionPool$1PooledConnectionResourcePoolManager.acquireResource(C3P0PooledConnectionPool.java:137)
	at com.mchange.v2.resourcepool.BasicResourcePool.doAcquire(BasicResourcePool.java:1014)
	at com.mchange.v2.resourcepool.BasicResourcePool.access$800(BasicResourcePool.java:32)
	at com.mchange.v2.resourcepool.BasicResourcePool$AcquireTask.run(BasicResourcePool.java:1810)
	at com.mchange.v2.async.ThreadPoolAsynchronousRunner$PoolThread.run(ThreadPoolAsynchronousRunner.java:547)
